<?xml version="1.0" encoding="UTF-8"?>
<!-- Generated by org.testng.reporters.JUnitReportReporter -->
<testsuite hostname="LTIN679155" failures="0" tests="1" name="com.cognizant.selenium.ScreenShot" time="7.106" errors="0" timestamp="2025-10-12T09:06:34 IST" skipped="0">
  <testcase classname="com.cognizant.selenium.ScreenShot" name="ScreenshotDemo" time="7.106"/>
</testsuite> <!-- com.cognizant.selenium.ScreenShot -->
