<?xml version="1.0" encoding="UTF-8"?>
<!-- Generated by org.testng.reporters.JUnitReportReporter -->
<testsuite hostname="LTIN679155" failures="0" tests="1" name="com.cognizant.testng.LoginTwo" time="0.294" errors="0" timestamp="2025-10-07T12:52:30 IST" skipped="0">
  <testcase classname="com.cognizant.testng.LoginTwo" name="loginPage" time="0.294"/>
</testsuite> <!-- com.cognizant.testng.LoginTwo -->
